[0.652s] DEBUG:colcon:Command line arguments: ['/usr/bin/colcon', 'build']
[0.652s] DEBUG:colcon:Parsed command line arguments: Namespace(log_base=None, log_level=None, verb_name='build', build_base='build', install_base='install', merge_install=False, symlink_install=False, test_result_base=None, continue_on_error=False, executor='parallel', parallel_workers=8, event_handlers=None, ignore_user_meta=False, metas=['./colcon.meta'], base_paths=['.'], packages_ignore=None, packages_ignore_regex=None, paths=None, packages_up_to=None, packages_up_to_regex=None, packages_above=None, packages_above_and_dependencies=None, packages_above_depth=None, packages_select_by_dep=None, packages_skip_by_dep=None, packages_skip_up_to=None, packages_select_build_failed=False, packages_skip_build_finished=False, packages_select_test_failures=False, packages_skip_test_passed=False, packages_select=None, packages_skip=None, packages_select_regex=None, packages_skip_regex=None, packages_start=None, packages_end=None, allow_overriding=[], cmake_args=None, cmake_target=None, cmake_target_skip_unavailable=False, cmake_clean_cache=False, cmake_clean_first=False, cmake_force_configure=False, ament_cmake_args=None, catkin_cmake_args=None, catkin_skip_building_tests=False, mixin_files=None, mixin=None, verb_parser=<colcon_mixin.mixin.mixin_argument.MixinArgumentDecorator object at 0x7036649a4bf0>, verb_extension=<colcon_core.verb.build.BuildVerb object at 0x70366491e9c0>, main=<bound method BuildVerb.main of <colcon_core.verb.build.BuildVerb object at 0x70366491e9c0>>, mixin_verb=('build',))
[0.770s] Level 1:colcon.colcon_core.package_discovery:discover_packages(colcon_meta) check parameters
[0.770s] Level 1:colcon.colcon_core.package_discovery:discover_packages(recursive) check parameters
[0.770s] Level 1:colcon.colcon_core.package_discovery:discover_packages(ignore) check parameters
[0.770s] Level 1:colcon.colcon_core.package_discovery:discover_packages(path) check parameters
[0.770s] Level 1:colcon.colcon_core.package_discovery:discover_packages(colcon_meta) discover
[0.770s] Level 1:colcon.colcon_core.package_discovery:discover_packages(recursive) discover
[0.770s] INFO:colcon.colcon_core.package_discovery:Crawling recursively for packages in '/home/aprig/Proyectos_Máster/middleware-master/ros2/ros2_ws/py_pubsub'
[0.770s] Level 1:colcon.colcon_core.package_identification:_identify(.) by extensions ['ignore', 'ignore_ament_install']
[0.770s] Level 1:colcon.colcon_core.package_identification:_identify(.) by extension 'ignore'
[0.770s] Level 1:colcon.colcon_core.package_identification:_identify(.) by extension 'ignore_ament_install'
[0.770s] Level 1:colcon.colcon_core.package_identification:_identify(.) by extensions ['colcon_pkg']
[0.771s] Level 1:colcon.colcon_core.package_identification:_identify(.) by extension 'colcon_pkg'
[0.771s] Level 1:colcon.colcon_core.package_identification:_identify(.) by extensions ['colcon_meta']
[0.771s] Level 1:colcon.colcon_core.package_identification:_identify(.) by extension 'colcon_meta'
[0.771s] Level 1:colcon.colcon_core.package_identification:_identify(.) by extensions ['ros']
[0.771s] Level 1:colcon.colcon_core.package_identification:_identify(.) by extension 'ros'
[0.828s] DEBUG:colcon.colcon_core.package_identification:Package '.' with type 'ros.ament_python' and name 'py_pubsub'
[0.829s] Level 1:colcon.colcon_core.package_discovery:discover_packages(recursive) using defaults
[0.829s] Level 1:colcon.colcon_core.package_discovery:discover_packages(ignore) discover
[0.829s] Level 1:colcon.colcon_core.package_discovery:discover_packages(ignore) using defaults
[0.829s] Level 1:colcon.colcon_core.package_discovery:discover_packages(path) discover
[0.829s] Level 1:colcon.colcon_core.package_discovery:discover_packages(path) using defaults
[1.015s] Level 1:colcon.colcon_core.package_discovery:discover_packages(prefix_path) check parameters
[1.015s] Level 1:colcon.colcon_core.package_discovery:discover_packages(prefix_path) discover
[1.020s] DEBUG:colcon.colcon_installed_package_information.package_discovery:Found 438 installed packages in /opt/ros/jazzy
[1.021s] Level 1:colcon.colcon_core.package_discovery:discover_packages(prefix_path) using defaults
[1.094s] Level 5:colcon.colcon_core.verb:set package 'py_pubsub' build argument 'cmake_args' from command line to 'None'
[1.095s] Level 5:colcon.colcon_core.verb:set package 'py_pubsub' build argument 'cmake_target' from command line to 'None'
[1.095s] Level 5:colcon.colcon_core.verb:set package 'py_pubsub' build argument 'cmake_target_skip_unavailable' from command line to 'False'
[1.095s] Level 5:colcon.colcon_core.verb:set package 'py_pubsub' build argument 'cmake_clean_cache' from command line to 'False'
[1.095s] Level 5:colcon.colcon_core.verb:set package 'py_pubsub' build argument 'cmake_clean_first' from command line to 'False'
[1.095s] Level 5:colcon.colcon_core.verb:set package 'py_pubsub' build argument 'cmake_force_configure' from command line to 'False'
[1.095s] Level 5:colcon.colcon_core.verb:set package 'py_pubsub' build argument 'ament_cmake_args' from command line to 'None'
[1.095s] Level 5:colcon.colcon_core.verb:set package 'py_pubsub' build argument 'catkin_cmake_args' from command line to 'None'
[1.095s] Level 5:colcon.colcon_core.verb:set package 'py_pubsub' build argument 'catkin_skip_building_tests' from command line to 'False'
[1.095s] DEBUG:colcon.colcon_core.verb:Building package 'py_pubsub' with the following arguments: {'ament_cmake_args': None, 'build_base': '/home/aprig/Proyectos_Máster/middleware-master/ros2/ros2_ws/py_pubsub/build/py_pubsub', 'catkin_cmake_args': None, 'catkin_skip_building_tests': False, 'cmake_args': None, 'cmake_clean_cache': False, 'cmake_clean_first': False, 'cmake_force_configure': False, 'cmake_target': None, 'cmake_target_skip_unavailable': False, 'install_base': '/home/aprig/Proyectos_Máster/middleware-master/ros2/ros2_ws/py_pubsub/install/py_pubsub', 'merge_install': False, 'path': '/home/aprig/Proyectos_Máster/middleware-master/ros2/ros2_ws/py_pubsub', 'symlink_install': False, 'test_result_base': None}
[1.095s] INFO:colcon.colcon_core.executor:Executing jobs using 'parallel' executor
[1.095s] DEBUG:colcon.colcon_parallel_executor.executor.parallel:run_until_complete
[1.096s] INFO:colcon.colcon_ros.task.ament_python.build:Building ROS package in '/home/aprig/Proyectos_Máster/middleware-master/ros2/ros2_ws/py_pubsub' with build type 'ament_python'
[1.096s] Level 1:colcon.colcon_core.shell:create_environment_hook('py_pubsub', 'ament_prefix_path')
[1.100s] INFO:colcon.colcon_core.plugin_system:Skipping extension 'colcon_core.shell.bat': Not used on non-Windows systems
[1.100s] INFO:colcon.colcon_core.shell:Creating environment hook '/home/aprig/Proyectos_Máster/middleware-master/ros2/ros2_ws/py_pubsub/install/py_pubsub/share/py_pubsub/hook/ament_prefix_path.ps1'
[1.118s] INFO:colcon.colcon_core.shell:Creating environment descriptor '/home/aprig/Proyectos_Máster/middleware-master/ros2/ros2_ws/py_pubsub/install/py_pubsub/share/py_pubsub/hook/ament_prefix_path.dsv'
[1.119s] INFO:colcon.colcon_core.shell:Creating environment hook '/home/aprig/Proyectos_Máster/middleware-master/ros2/ros2_ws/py_pubsub/install/py_pubsub/share/py_pubsub/hook/ament_prefix_path.sh'
[1.120s] INFO:colcon.colcon_core.shell:Skip shell extension 'powershell' for command environment: Not usable outside of PowerShell
[1.120s] DEBUG:colcon.colcon_core.shell:Skip shell extension 'dsv' for command environment
[1.479s] INFO:colcon.colcon_core.task.python.build:Building Python package in '/home/aprig/Proyectos_Máster/middleware-master/ros2/ros2_ws/py_pubsub'
[1.479s] INFO:colcon.colcon_core.shell:Skip shell extension 'powershell' for command environment: Not usable outside of PowerShell
[1.479s] DEBUG:colcon.colcon_core.shell:Skip shell extension 'dsv' for command environment
[6.722s] DEBUG:colcon.colcon_core.event_handler.log_command:Invoking command in '/home/aprig/Proyectos_Máster/middleware-master/ros2/ros2_ws/py_pubsub': DEBUGINFOD_URLS=https://debuginfod.ubuntu.com PYTHONPATH=/home/aprig/Proyectos_Máster/middleware-master/ros2/ros2_ws/py_pubsub/build/py_pubsub/prefix_override:/usr/lib/python3/dist-packages/colcon_core/task/python/colcon_distutils_commands:/home/aprig/Proyectos_Máster/middleware-master/ros2/ros2_ws/py_pubsub/install/py_pubsub/lib/python3.12/site-packages:${PYTHONPATH} /usr/bin/python3 -W ignore:setup.py install is deprecated -W ignore:easy_install command is deprecated setup.py egg_info --egg-base build/py_pubsub build --build-base /home/aprig/Proyectos_Máster/middleware-master/ros2/ros2_ws/py_pubsub/build/py_pubsub/build install --record /home/aprig/Proyectos_Máster/middleware-master/ros2/ros2_ws/py_pubsub/build/py_pubsub/install.log --single-version-externally-managed install_data
[7.364s] DEBUG:colcon.colcon_core.event_handler.log_command:Invoked command in '/home/aprig/Proyectos_Máster/middleware-master/ros2/ros2_ws/py_pubsub' returned '0': DEBUGINFOD_URLS=https://debuginfod.ubuntu.com PYTHONPATH=/home/aprig/Proyectos_Máster/middleware-master/ros2/ros2_ws/py_pubsub/build/py_pubsub/prefix_override:/usr/lib/python3/dist-packages/colcon_core/task/python/colcon_distutils_commands:/home/aprig/Proyectos_Máster/middleware-master/ros2/ros2_ws/py_pubsub/install/py_pubsub/lib/python3.12/site-packages:${PYTHONPATH} /usr/bin/python3 -W ignore:setup.py install is deprecated -W ignore:easy_install command is deprecated setup.py egg_info --egg-base build/py_pubsub build --build-base /home/aprig/Proyectos_Máster/middleware-master/ros2/ros2_ws/py_pubsub/build/py_pubsub/build install --record /home/aprig/Proyectos_Máster/middleware-master/ros2/ros2_ws/py_pubsub/build/py_pubsub/install.log --single-version-externally-managed install_data
[7.443s] Level 1:colcon.colcon_core.environment:checking '/home/aprig/Proyectos_Máster/middleware-master/ros2/ros2_ws/py_pubsub/install/py_pubsub' for CMake module files
[7.443s] Level 1:colcon.colcon_core.environment:checking '/home/aprig/Proyectos_Máster/middleware-master/ros2/ros2_ws/py_pubsub/install/py_pubsub' for CMake config files
[7.444s] Level 1:colcon.colcon_core.environment:checking '/home/aprig/Proyectos_Máster/middleware-master/ros2/ros2_ws/py_pubsub/install/py_pubsub/lib'
[7.444s] Level 1:colcon.colcon_core.environment:checking '/home/aprig/Proyectos_Máster/middleware-master/ros2/ros2_ws/py_pubsub/install/py_pubsub/bin'
[7.444s] Level 1:colcon.colcon_core.environment:checking '/home/aprig/Proyectos_Máster/middleware-master/ros2/ros2_ws/py_pubsub/install/py_pubsub/lib/pkgconfig/py_pubsub.pc'
[7.444s] Level 1:colcon.colcon_core.environment:checking '/home/aprig/Proyectos_Máster/middleware-master/ros2/ros2_ws/py_pubsub/install/py_pubsub/lib/python3.12/site-packages'
[7.444s] Level 1:colcon.colcon_core.shell:create_environment_hook('py_pubsub', 'pythonpath')
[7.445s] INFO:colcon.colcon_core.shell:Creating environment hook '/home/aprig/Proyectos_Máster/middleware-master/ros2/ros2_ws/py_pubsub/install/py_pubsub/share/py_pubsub/hook/pythonpath.ps1'
[7.445s] INFO:colcon.colcon_core.shell:Creating environment descriptor '/home/aprig/Proyectos_Máster/middleware-master/ros2/ros2_ws/py_pubsub/install/py_pubsub/share/py_pubsub/hook/pythonpath.dsv'
[7.445s] INFO:colcon.colcon_core.shell:Creating environment hook '/home/aprig/Proyectos_Máster/middleware-master/ros2/ros2_ws/py_pubsub/install/py_pubsub/share/py_pubsub/hook/pythonpath.sh'
[7.446s] Level 1:colcon.colcon_core.environment:checking '/home/aprig/Proyectos_Máster/middleware-master/ros2/ros2_ws/py_pubsub/install/py_pubsub/bin'
[7.446s] Level 1:colcon.colcon_core.environment:create_environment_scripts_only(py_pubsub)
[7.446s] INFO:colcon.colcon_core.shell:Creating package script '/home/aprig/Proyectos_Máster/middleware-master/ros2/ros2_ws/py_pubsub/install/py_pubsub/share/py_pubsub/package.ps1'
[7.447s] INFO:colcon.colcon_core.shell:Creating package descriptor '/home/aprig/Proyectos_Máster/middleware-master/ros2/ros2_ws/py_pubsub/install/py_pubsub/share/py_pubsub/package.dsv'
[7.448s] INFO:colcon.colcon_core.shell:Creating package script '/home/aprig/Proyectos_Máster/middleware-master/ros2/ros2_ws/py_pubsub/install/py_pubsub/share/py_pubsub/package.sh'
[7.448s] INFO:colcon.colcon_core.shell:Creating package script '/home/aprig/Proyectos_Máster/middleware-master/ros2/ros2_ws/py_pubsub/install/py_pubsub/share/py_pubsub/package.bash'
[7.450s] INFO:colcon.colcon_core.shell:Creating package script '/home/aprig/Proyectos_Máster/middleware-master/ros2/ros2_ws/py_pubsub/install/py_pubsub/share/py_pubsub/package.zsh'
[7.452s] Level 1:colcon.colcon_core.environment:create_file_with_runtime_dependencies(/home/aprig/Proyectos_Máster/middleware-master/ros2/ros2_ws/py_pubsub/install/py_pubsub/share/colcon-core/packages/py_pubsub)
[7.453s] DEBUG:colcon.colcon_parallel_executor.executor.parallel:closing loop
[7.454s] DEBUG:colcon.colcon_parallel_executor.executor.parallel:loop closed
[7.454s] DEBUG:colcon.colcon_parallel_executor.executor.parallel:run_until_complete finished with '0'
[7.454s] DEBUG:colcon.colcon_core.event_reactor:joining thread
[7.543s] INFO:colcon.colcon_core.plugin_system:Skipping extension 'colcon_notification.desktop_notification.terminal_notifier': Not used on non-Darwin systems
[7.543s] INFO:colcon.colcon_core.plugin_system:Skipping extension 'colcon_notification.desktop_notification.win32': Not used on non-Windows systems
[7.543s] INFO:colcon.colcon_notification.desktop_notification:Sending desktop notification using 'notify2'
[8.185s] DEBUG:colcon.colcon_core.event_reactor:joined thread
[8.185s] INFO:colcon.colcon_core.shell:Creating prefix script '/home/aprig/Proyectos_Máster/middleware-master/ros2/ros2_ws/py_pubsub/install/local_setup.ps1'
[8.186s] INFO:colcon.colcon_core.shell:Creating prefix util module '/home/aprig/Proyectos_Máster/middleware-master/ros2/ros2_ws/py_pubsub/install/_local_setup_util_ps1.py'
[8.188s] INFO:colcon.colcon_core.shell:Creating prefix chain script '/home/aprig/Proyectos_Máster/middleware-master/ros2/ros2_ws/py_pubsub/install/setup.ps1'
[8.189s] INFO:colcon.colcon_core.shell:Creating prefix script '/home/aprig/Proyectos_Máster/middleware-master/ros2/ros2_ws/py_pubsub/install/local_setup.sh'
[8.189s] INFO:colcon.colcon_core.shell:Creating prefix util module '/home/aprig/Proyectos_Máster/middleware-master/ros2/ros2_ws/py_pubsub/install/_local_setup_util_sh.py'
[8.190s] INFO:colcon.colcon_core.shell:Creating prefix chain script '/home/aprig/Proyectos_Máster/middleware-master/ros2/ros2_ws/py_pubsub/install/setup.sh'
[8.191s] INFO:colcon.colcon_core.shell:Creating prefix script '/home/aprig/Proyectos_Máster/middleware-master/ros2/ros2_ws/py_pubsub/install/local_setup.bash'
[8.191s] INFO:colcon.colcon_core.shell:Creating prefix chain script '/home/aprig/Proyectos_Máster/middleware-master/ros2/ros2_ws/py_pubsub/install/setup.bash'
[8.193s] INFO:colcon.colcon_core.shell:Creating prefix script '/home/aprig/Proyectos_Máster/middleware-master/ros2/ros2_ws/py_pubsub/install/local_setup.zsh'
[8.193s] INFO:colcon.colcon_core.shell:Creating prefix chain script '/home/aprig/Proyectos_Máster/middleware-master/ros2/ros2_ws/py_pubsub/install/setup.zsh'
